<?xml version="1.0" encoding="UTF-8"?>
<testng-results skipped="0" failed="0" ignored="0" total="1" passed="1">
  <reporter-output>
  </reporter-output>
  <suite name="Default suite" duration-ms="24" started-at="2020-02-20T08:38:43Z" finished-at="2020-02-20T08:38:43Z">
    <groups>
    </groups>
    <test name="Default test" duration-ms="24" started-at="2020-02-20T08:38:43Z" finished-at="2020-02-20T08:38:43Z">
      <class name="login.testingEquals">
        <test-method status="PASS" signature="equalsFour()[pri:0, instance:login.testingEquals@c038203]" name="equalsFour" duration-ms="7" started-at="2020-02-20T08:38:43Z" finished-at="2020-02-20T08:38:43Z">
          <reporter-output>
          </reporter-output>
        </test-method> <!-- equalsFour -->
      </class> <!-- login.testingEquals -->
    </test> <!-- Default test -->
  </suite> <!-- Default suite -->
</testng-results>
